2024.06.14 23:28:21 INFO  Started: Metals version 1.3.1 in folders '/Users/reynald/Desktop/Projects/how-git-works' for client Visual Studio Code 1.90.0.
SLF4J(W): Class path contains multiple SLF4J providers.
SLF4J(W): Found provider [scribe.slf4j.ScribeServiceProvider@62bfa700]
SLF4J(W): Found provider [ch.qos.logback.classic.spi.LogbackServiceProvider@ee42eeb]
SLF4J(W): See https://www.slf4j.org/codes.html#multiple_bindings for an explanation.
SLF4J(I): Actual provider is of type [scribe.slf4j.ScribeServiceProvider@62bfa700]
2024.06.14 23:28:21 WARN  Flyway upgrade recommended: H2 2.2.224 is newer than this version of Flyway and support has not been tested. The latest supported version of H2 is 2.2.220.
2024.06.14 23:28:23 INFO  Shutting down server
2024.06.14 23:28:23 INFO  shutting down Metals
2024.06.14 23:28:23 INFO  Exiting server
2024.06.14 23:29:55 INFO  Started: Metals version 1.3.1 in folders '/Users/reynald/Desktop/Projects/how-git-works' for client Visual Studio Code 1.90.0.
SLF4J(W): Class path contains multiple SLF4J providers.
SLF4J(W): Found provider [scribe.slf4j.ScribeServiceProvider@64990241]
SLF4J(W): Found provider [ch.qos.logback.classic.spi.LogbackServiceProvider@461e0bd2]
SLF4J(W): See https://www.slf4j.org/codes.html#multiple_bindings for an explanation.
SLF4J(I): Actual provider is of type [scribe.slf4j.ScribeServiceProvider@64990241]
2024.06.14 23:29:55 WARN  Flyway upgrade recommended: H2 2.2.224 is newer than this version of Flyway and support has not been tested. The latest supported version of H2 is 2.2.220.
2024.06.14 23:29:55 INFO  no build target found for /Users/reynald/Desktop/Projects/how-git-works/build.sbt. Using presentation compiler with project's scala-library version: 3.3.3
2024.06.14 23:29:55 INFO  no build target found for /Users/reynald/Desktop/Projects/how-git-works/build.sbt. Using presentation compiler with project's scala-library version: 3.3.3
2024.06.14 23:29:56 INFO  no build target found for /Users/reynald/Desktop/Projects/how-git-works/build.sbt. Using presentation compiler with project's scala-library version: 3.3.3
2024.06.14 23:29:56 INFO  no build target found for /Users/reynald/Desktop/Projects/how-git-works/build.sbt. Using presentation compiler with project's scala-library version: 3.3.3
2024.06.14 23:29:56 INFO  no build target found for /Users/reynald/Desktop/Projects/how-git-works/build.sbt. Using presentation compiler with project's scala-library version: 3.3.3
2024.06.14 23:29:56 INFO  no build target found for /Users/reynald/Desktop/Projects/how-git-works/build.sbt. Using presentation compiler with project's scala-library version: 3.3.3
2024.06.14 23:29:57 WARN  Could not find semantic tokens for: file:///Users/reynald/Desktop/Projects/how-git-works/build.sbt
2024.06.14 23:29:58 INFO  no build target found for /Users/reynald/Desktop/Projects/how-git-works/build.sbt. Using presentation compiler with project's scala-library version: 3.3.3
2024.06.14 23:29:59 WARN  no build target for: /Users/reynald/Desktop/Projects/how-git-works/build.sbt
2024.06.14 23:29:59 INFO  no build target found for /Users/reynald/Desktop/Projects/how-git-works/build.sbt. Using presentation compiler with project's scala-library version: 3.3.3
2024.06.14 23:29:59 INFO  no build target found for /Users/reynald/Desktop/Projects/how-git-works/build.sbt. Using presentation compiler with project's scala-library version: 3.3.3
2024.06.14 23:29:59 WARN  Could not find semantic tokens for: file:///Users/reynald/Desktop/Projects/how-git-works/build.sbt
2024.06.14 23:30:00 INFO  no build target found for /Users/reynald/Desktop/Projects/how-git-works/build.sbt. Using presentation compiler with project's scala-library version: 3.3.3
2024.06.14 23:30:00 INFO  no build target found for /Users/reynald/Desktop/Projects/how-git-works/build.sbt. Using presentation compiler with project's scala-library version: 3.3.3
2024.06.14 23:30:00 WARN  Could not find semantic tokens for: file:///Users/reynald/Desktop/Projects/how-git-works/build.sbt
2024.06.14 23:30:00 INFO  no build target found for /Users/reynald/Desktop/Projects/how-git-works/build.sbt. Using presentation compiler with project's scala-library version: 3.3.3
2024.06.14 23:30:02 INFO  no build target found for /Users/reynald/Desktop/Projects/how-git-works/build.sbt. Using presentation compiler with project's scala-library version: 3.3.3
2024.06.14 23:30:02 INFO  no build target found for /Users/reynald/Desktop/Projects/how-git-works/build.sbt. Using presentation compiler with project's scala-library version: 3.3.3
2024.06.14 23:30:02 WARN  Could not find semantic tokens for: file:///Users/reynald/Desktop/Projects/how-git-works/build.sbt
2024.06.14 23:30:03 INFO  no build target found for /Users/reynald/Desktop/Projects/how-git-works/build.sbt. Using presentation compiler with project's scala-library version: 3.3.3
2024.06.14 23:30:03 WARN  Could not find semantic tokens for: file:///Users/reynald/Desktop/Projects/how-git-works/build.sbt
2024.06.14 23:30:03 WARN  no build target for: /Users/reynald/Desktop/Projects/how-git-works/build.sbt
2024.06.14 23:30:03 INFO  no build target found for /Users/reynald/Desktop/Projects/how-git-works/build.sbt. Using presentation compiler with project's scala-library version: 3.3.3
2024.06.14 23:30:03 INFO  no build target found for /Users/reynald/Desktop/Projects/how-git-works/build.sbt. Using presentation compiler with project's scala-library version: 3.3.3
2024.06.14 23:30:03 WARN  Could not find semantic tokens for: file:///Users/reynald/Desktop/Projects/how-git-works/build.sbt
2024.06.14 23:30:03 INFO  no build target found for /Users/reynald/Desktop/Projects/how-git-works/build.sbt. Using presentation compiler with project's scala-library version: 3.3.3
2024.06.14 23:30:03 INFO  no build target found for /Users/reynald/Desktop/Projects/how-git-works/build.sbt. Using presentation compiler with project's scala-library version: 3.3.3
2024.06.14 23:30:03 INFO  no build target found for /Users/reynald/Desktop/Projects/how-git-works/build.sbt. Using presentation compiler with project's scala-library version: 3.3.3
2024.06.14 23:30:03 WARN  Could not find semantic tokens for: file:///Users/reynald/Desktop/Projects/how-git-works/build.sbt
2024.06.14 23:30:03 INFO  no build target found for /Users/reynald/Desktop/Projects/how-git-works/build.sbt. Using presentation compiler with project's scala-library version: 3.3.3
2024.06.14 23:30:05 INFO  no build target found for /Users/reynald/Desktop/Projects/how-git-works/build.sbt. Using presentation compiler with project's scala-library version: 3.3.3
2024.06.14 23:30:05 WARN  Could not find semantic tokens for: file:///Users/reynald/Desktop/Projects/how-git-works/build.sbt
2024.06.14 23:30:06 INFO  no build target found for /Users/reynald/Desktop/Projects/how-git-works/build.sbt. Using presentation compiler with project's scala-library version: 3.3.3
2024.06.14 23:30:06 WARN  Could not find semantic tokens for: file:///Users/reynald/Desktop/Projects/how-git-works/build.sbt
2024.06.14 23:30:07 INFO  no build target found for /Users/reynald/Desktop/Projects/how-git-works/build.sbt. Using presentation compiler with project's scala-library version: 3.3.3
2024.06.14 23:30:07 WARN  Could not find semantic tokens for: file:///Users/reynald/Desktop/Projects/how-git-works/build.sbt
2024.06.14 23:30:07 WARN  no build target for: /Users/reynald/Desktop/Projects/how-git-works/build.sbt
2024.06.14 23:30:07 INFO  no build target found for /Users/reynald/Desktop/Projects/how-git-works/build.sbt. Using presentation compiler with project's scala-library version: 3.3.3
2024.06.14 23:30:07 INFO  no build target found for /Users/reynald/Desktop/Projects/how-git-works/build.sbt. Using presentation compiler with project's scala-library version: 3.3.3
2024.06.14 23:30:07 WARN  Could not find semantic tokens for: file:///Users/reynald/Desktop/Projects/how-git-works/build.sbt
2024.06.14 23:30:07 INFO  no build target found for /Users/reynald/Desktop/Projects/how-git-works/build.sbt. Using presentation compiler with project's scala-library version: 3.3.3
2024.06.14 23:30:07 INFO  no build target found for /Users/reynald/Desktop/Projects/how-git-works/build.sbt. Using presentation compiler with project's scala-library version: 3.3.3
2024.06.14 23:30:07 WARN  Could not find semantic tokens for: file:///Users/reynald/Desktop/Projects/how-git-works/build.sbt
2024.06.14 23:30:11 INFO  no build target found for /Users/reynald/Desktop/Projects/how-git-works/build.sbt. Using presentation compiler with project's scala-library version: 3.3.3
2024.06.14 23:30:11 WARN  Could not find semantic tokens for: file:///Users/reynald/Desktop/Projects/how-git-works/build.sbt
2024.06.14 23:30:11 INFO  no build target found for /Users/reynald/Desktop/Projects/how-git-works/build.sbt. Using presentation compiler with project's scala-library version: 3.3.3
2024.06.14 23:30:11 WARN  Could not find semantic tokens for: file:///Users/reynald/Desktop/Projects/how-git-works/build.sbt
2024.06.14 23:30:12 INFO  no build target found for /Users/reynald/Desktop/Projects/how-git-works/build.sbt. Using presentation compiler with project's scala-library version: 3.3.3
2024.06.14 23:30:12 WARN  Could not find semantic tokens for: file:///Users/reynald/Desktop/Projects/how-git-works/build.sbt
2024.06.14 23:30:13 WARN  no build target for: /Users/reynald/Desktop/Projects/how-git-works/build.sbt
2024.06.14 23:30:13 INFO  no build target found for /Users/reynald/Desktop/Projects/how-git-works/build.sbt. Using presentation compiler with project's scala-library version: 3.3.3
2024.06.14 23:30:13 INFO  no build target found for /Users/reynald/Desktop/Projects/how-git-works/build.sbt. Using presentation compiler with project's scala-library version: 3.3.3
2024.06.14 23:30:13 WARN  Could not find semantic tokens for: file:///Users/reynald/Desktop/Projects/how-git-works/build.sbt
2024.06.14 23:30:13 INFO  no build target found for /Users/reynald/Desktop/Projects/how-git-works/build.sbt. Using presentation compiler with project's scala-library version: 3.3.3
2024.06.14 23:30:13 INFO  no build target found for /Users/reynald/Desktop/Projects/how-git-works/build.sbt. Using presentation compiler with project's scala-library version: 3.3.3
2024.06.14 23:30:13 WARN  Could not find semantic tokens for: file:///Users/reynald/Desktop/Projects/how-git-works/build.sbt
2024.06.14 23:30:13 INFO  no build target found for /Users/reynald/Desktop/Projects/how-git-works/build.sbt. Using presentation compiler with project's scala-library version: 3.3.3
2024.06.14 23:30:13 WARN  Could not find semantic tokens for: file:///Users/reynald/Desktop/Projects/how-git-works/build.sbt
2024.06.14 23:30:14 INFO  no build target found for /Users/reynald/Desktop/Projects/how-git-works/build.sbt. Using presentation compiler with project's scala-library version: 3.3.3
2024.06.14 23:30:14 WARN  Could not find semantic tokens for: file:///Users/reynald/Desktop/Projects/how-git-works/build.sbt
2024.06.14 23:30:15 INFO  no build target found for /Users/reynald/Desktop/Projects/how-git-works/build.sbt. Using presentation compiler with project's scala-library version: 3.3.3
2024.06.14 23:30:15 WARN  Could not find semantic tokens for: file:///Users/reynald/Desktop/Projects/how-git-works/build.sbt
2024.06.14 23:30:15 INFO  no build target found for /Users/reynald/Desktop/Projects/how-git-works/build.sbt. Using presentation compiler with project's scala-library version: 3.3.3
2024.06.14 23:30:15 WARN  Could not find semantic tokens for: file:///Users/reynald/Desktop/Projects/how-git-works/build.sbt
2024.06.14 23:30:16 INFO  no build target found for /Users/reynald/Desktop/Projects/how-git-works/build.sbt. Using presentation compiler with project's scala-library version: 3.3.3
2024.06.14 23:30:16 WARN  Could not find semantic tokens for: file:///Users/reynald/Desktop/Projects/how-git-works/build.sbt
2024.06.14 23:30:17 INFO  no build target found for /Users/reynald/Desktop/Projects/how-git-works/build.sbt. Using presentation compiler with project's scala-library version: 3.3.3
2024.06.14 23:30:17 WARN  Could not find semantic tokens for: file:///Users/reynald/Desktop/Projects/how-git-works/build.sbt
Jun 14, 2024 11:30:17 PM org.eclipse.lsp4j.jsonrpc.RemoteEndpoint handleCancellation
WARNING: Unmatched cancel notification for request id 114
2024.06.14 23:30:17 INFO  no build target found for /Users/reynald/Desktop/Projects/how-git-works/build.sbt. Using presentation compiler with project's scala-library version: 3.3.3
2024.06.14 23:30:17 WARN  Could not find semantic tokens for: file:///Users/reynald/Desktop/Projects/how-git-works/build.sbt
2024.06.14 23:30:17 INFO  no build target found for /Users/reynald/Desktop/Projects/how-git-works/build.sbt. Using presentation compiler with project's scala-library version: 3.3.3
2024.06.14 23:30:17 WARN  Could not find semantic tokens for: file:///Users/reynald/Desktop/Projects/how-git-works/build.sbt
2024.06.14 23:30:18 WARN  no build target for: /Users/reynald/Desktop/Projects/how-git-works/build.sbt
2024.06.14 23:30:18 INFO  no build target found for /Users/reynald/Desktop/Projects/how-git-works/build.sbt. Using presentation compiler with project's scala-library version: 3.3.3
2024.06.14 23:30:18 INFO  no build target found for /Users/reynald/Desktop/Projects/how-git-works/build.sbt. Using presentation compiler with project's scala-library version: 3.3.3
2024.06.14 23:30:18 WARN  Could not find semantic tokens for: file:///Users/reynald/Desktop/Projects/how-git-works/build.sbt
2024.06.14 23:30:18 INFO  no build target found for /Users/reynald/Desktop/Projects/how-git-works/build.sbt. Using presentation compiler with project's scala-library version: 3.3.3
2024.06.14 23:30:18 INFO  no build target found for /Users/reynald/Desktop/Projects/how-git-works/build.sbt. Using presentation compiler with project's scala-library version: 3.3.3
2024.06.14 23:30:18 INFO  no build target found for /Users/reynald/Desktop/Projects/how-git-works/build.sbt. Using presentation compiler with project's scala-library version: 3.3.3
2024.06.14 23:30:18 WARN  Could not find semantic tokens for: file:///Users/reynald/Desktop/Projects/how-git-works/build.sbt
2024.06.14 23:30:21 INFO  no build target found for /Users/reynald/Desktop/Projects/how-git-works/build.sbt. Using presentation compiler with project's scala-library version: 3.3.3
2024.06.14 23:30:21 INFO  no build target found for /Users/reynald/Desktop/Projects/how-git-works/build.sbt. Using presentation compiler with project's scala-library version: 3.3.3
2024.06.14 23:30:21 INFO  no build target found for /Users/reynald/Desktop/Projects/how-git-works/build.sbt. Using presentation compiler with project's scala-library version: 3.3.3
2024.06.14 23:30:21 INFO  no build target found for /Users/reynald/Desktop/Projects/how-git-works/build.sbt. Using presentation compiler with project's scala-library version: 3.3.3
2024.06.14 23:30:22 INFO  no build target found for /Users/reynald/Desktop/Projects/how-git-works/build.sbt. Using presentation compiler with project's scala-library version: 3.3.3
2024.06.14 23:30:23 INFO  no build target found for /Users/reynald/Desktop/Projects/how-git-works/build.sbt. Using presentation compiler with project's scala-library version: 3.3.3
2024.06.14 23:30:23 INFO  no build target found for /Users/reynald/Desktop/Projects/how-git-works/build.sbt. Using presentation compiler with project's scala-library version: 3.3.3
2024.06.14 23:30:23 INFO  no build target found for /Users/reynald/Desktop/Projects/how-git-works/build.sbt. Using presentation compiler with project's scala-library version: 3.3.3
2024.06.14 23:30:23 INFO  no build target found for /Users/reynald/Desktop/Projects/how-git-works/build.sbt. Using presentation compiler with project's scala-library version: 3.3.3
2024.06.14 23:30:23 INFO  no build target found for /Users/reynald/Desktop/Projects/how-git-works/build.sbt. Using presentation compiler with project's scala-library version: 3.3.3
2024.06.14 23:30:24 INFO  no build target found for /Users/reynald/Desktop/Projects/how-git-works/build.sbt. Using presentation compiler with project's scala-library version: 3.3.3
2024.06.14 23:30:26 INFO  no build target found for /Users/reynald/Desktop/Projects/how-git-works/build.sbt. Using presentation compiler with project's scala-library version: 3.3.3
2024.06.14 23:30:26 WARN  Could not find semantic tokens for: file:///Users/reynald/Desktop/Projects/how-git-works/build.sbt
2024.06.14 23:30:27 WARN  no build target for: /Users/reynald/Desktop/Projects/how-git-works/build.sbt
2024.06.14 23:30:26 INFO  no build target found for /Users/reynald/Desktop/Projects/how-git-works/build.sbt. Using presentation compiler with project's scala-library version: 3.3.3
2024.06.14 23:30:27 INFO  no build target found for /Users/reynald/Desktop/Projects/how-git-works/build.sbt. Using presentation compiler with project's scala-library version: 3.3.3
2024.06.14 23:30:27 WARN  Could not find semantic tokens for: file:///Users/reynald/Desktop/Projects/how-git-works/build.sbt
2024.06.14 23:30:26 INFO  no build target found for /Users/reynald/Desktop/Projects/how-git-works/build.sbt. Using presentation compiler with project's scala-library version: 3.3.3
2024.06.14 23:30:27 INFO  no build target found for /Users/reynald/Desktop/Projects/how-git-works/build.sbt. Using presentation compiler with project's scala-library version: 3.3.3
2024.06.14 23:30:27 WARN  Could not find semantic tokens for: file:///Users/reynald/Desktop/Projects/how-git-works/build.sbt
2024.06.14 23:30:28 INFO  no build target found for /Users/reynald/Desktop/Projects/how-git-works/build.sbt. Using presentation compiler with project's scala-library version: 3.3.3
2024.06.14 23:30:28 WARN  Could not find semantic tokens for: file:///Users/reynald/Desktop/Projects/how-git-works/build.sbt
2024.06.14 23:30:29 WARN  no build target for: /Users/reynald/Desktop/Projects/how-git-works/build.sbt
2024.06.14 23:30:28 INFO  no build target found for /Users/reynald/Desktop/Projects/how-git-works/build.sbt. Using presentation compiler with project's scala-library version: 3.3.3
2024.06.14 23:30:29 INFO  no build target found for /Users/reynald/Desktop/Projects/how-git-works/build.sbt. Using presentation compiler with project's scala-library version: 3.3.3
2024.06.14 23:30:29 WARN  Could not find semantic tokens for: file:///Users/reynald/Desktop/Projects/how-git-works/build.sbt
2024.06.14 23:30:29 INFO  no build target found for /Users/reynald/Desktop/Projects/how-git-works/build.sbt. Using presentation compiler with project's scala-library version: 3.3.3
2024.06.14 23:30:29 INFO  no build target found for /Users/reynald/Desktop/Projects/how-git-works/build.sbt. Using presentation compiler with project's scala-library version: 3.3.3
2024.06.14 23:30:29 WARN  Could not find semantic tokens for: file:///Users/reynald/Desktop/Projects/how-git-works/build.sbt
2024.06.14 23:30:30 INFO  no build target found for /Users/reynald/Desktop/Projects/how-git-works/build.sbt. Using presentation compiler with project's scala-library version: 3.3.3
2024.06.14 23:30:30 WARN  Could not find semantic tokens for: file:///Users/reynald/Desktop/Projects/how-git-works/build.sbt
2024.06.14 23:30:30 WARN  no build target for: /Users/reynald/Desktop/Projects/how-git-works/build.sbt
2024.06.14 23:30:30 INFO  no build target found for /Users/reynald/Desktop/Projects/how-git-works/build.sbt. Using presentation compiler with project's scala-library version: 3.3.3
2024.06.14 23:30:30 INFO  no build target found for /Users/reynald/Desktop/Projects/how-git-works/build.sbt. Using presentation compiler with project's scala-library version: 3.3.3
2024.06.14 23:30:30 WARN  Could not find semantic tokens for: file:///Users/reynald/Desktop/Projects/how-git-works/build.sbt
2024.06.14 23:30:30 INFO  no build target found for /Users/reynald/Desktop/Projects/how-git-works/build.sbt. Using presentation compiler with project's scala-library version: 3.3.3
2024.06.14 23:30:30 INFO  no build target found for /Users/reynald/Desktop/Projects/how-git-works/build.sbt. Using presentation compiler with project's scala-library version: 3.3.3
2024.06.14 23:30:30 WARN  Could not find semantic tokens for: file:///Users/reynald/Desktop/Projects/how-git-works/build.sbt
2024.06.14 23:30:49 INFO  no build target found for /Users/reynald/Desktop/Projects/how-git-works/build.sbt. Using presentation compiler with project's scala-library version: 3.3.3
2024.06.14 23:34:24 INFO  no build target found for /Users/reynald/Desktop/Projects/how-git-works/src/main/scala/Main.scala. Using presentation compiler with project's scala-library version: 3.3.3
2024.06.14 23:34:24 INFO  no build target found for /Users/reynald/Desktop/Projects/how-git-works/src/main/scala/Main.scala. Using presentation compiler with project's scala-library version: 3.3.3
2024.06.14 23:34:25 INFO  no build target found for /Users/reynald/Desktop/Projects/how-git-works/src/main/scala/Main.scala. Using presentation compiler with project's scala-library version: 3.3.3
2024.06.14 23:34:25 INFO  no build target found for /Users/reynald/Desktop/Projects/how-git-works/src/main/scala/Main.scala. Using presentation compiler with project's scala-library version: 3.3.3
2024.06.14 23:34:26 INFO  no build target found for /Users/reynald/Desktop/Projects/how-git-works/src/main/scala/Main.scala. Using presentation compiler with project's scala-library version: 3.3.3
2024.06.14 23:34:26 INFO  no build target found for /Users/reynald/Desktop/Projects/how-git-works/src/main/scala/Main.scala. Using presentation compiler with project's scala-library version: 3.3.3
2024.06.14 23:34:26 INFO  no build target found for /Users/reynald/Desktop/Projects/how-git-works/src/main/scala/Main.scala. Using presentation compiler with project's scala-library version: 3.3.3
2024.06.14 23:34:28 INFO  no build target found for /Users/reynald/Desktop/Projects/how-git-works/src/main/scala/Main.scala. Using presentation compiler with project's scala-library version: 3.3.3
2024.06.14 23:34:28 WARN  no build target for: /Users/reynald/Desktop/Projects/how-git-works/src/main/scala/Main.scala
2024.06.14 23:34:28 INFO  no build target found for /Users/reynald/Desktop/Projects/how-git-works/src/main/scala/Main.scala. Using presentation compiler with project's scala-library version: 3.3.3
2024.06.14 23:34:28 INFO  no build target found for /Users/reynald/Desktop/Projects/how-git-works/src/main/scala/Main.scala. Using presentation compiler with project's scala-library version: 3.3.3
2024.06.14 23:34:29 INFO  no build target found for /Users/reynald/Desktop/Projects/how-git-works/src/main/scala/Main.scala. Using presentation compiler with project's scala-library version: 3.3.3
2024.06.14 23:34:33 INFO  running '/Users/reynald/Library/Application Support/Coursier/bin/sbt -Dbloop.export-jar-classifiers=sources bloopInstall'
2024.06.14 23:34:33 WARN  no build target for: /Users/reynald/Desktop/Projects/how-git-works/project/metals.sbt
2024.06.14 23:34:34 WARN  no build target for: /Users/reynald/Desktop/Projects/how-git-works/project/project/metals.sbt
2024.06.14 23:34:34 INFO  no build target found for /Users/reynald/Desktop/Projects/how-git-works/project/project/metals.sbt. Using presentation compiler with project's scala-library version: 3.3.3
2024.06.14 23:34:34 INFO  no build target found for /Users/reynald/Desktop/Projects/how-git-works/src/main/scala/Main.scala. Using presentation compiler with project's scala-library version: 3.3.3
2024.06.14 23:34:34 INFO  no build target found for /Users/reynald/Desktop/Projects/how-git-works/project/metals.sbt. Using presentation compiler with project's scala-library version: 3.3.3
2024.06.14 23:34:35 INFO  [info] welcome to sbt 1.9.9 (Eclipse Adoptium Java 17.0.11)
2024.06.14 23:34:35 INFO  [info] loading settings for project how-git-works-build-build from metals.sbt ...
2024.06.14 23:34:37 INFO  [info] loading project definition from /Users/reynald/Desktop/Projects/how-git-works/project/project
2024.06.14 23:34:37 INFO  [info] loading settings for project how-git-works-build from metals.sbt ...
2024.06.14 23:34:37 INFO  [info] loading project definition from /Users/reynald/Desktop/Projects/how-git-works/project
2024.06.14 23:34:39 INFO  [success] Generated .bloop/how-git-works-build.json
2024.06.14 23:34:39 INFO  [success] Total time: 1 s, completed 14 Jun 2024, 23:34:39
2024.06.14 23:34:39 INFO  [info] loading settings for project how-git-works from build.sbt ...
2024.06.14 23:34:39 INFO  [info] set current project to How-Git-Works (in build file:/Users/reynald/Desktop/Projects/how-git-works/)
2024.06.14 23:34:39 INFO  [success] Generated .bloop/how-git-works.json
2024.06.14 23:34:39 INFO  [success] Generated .bloop/how-git-works-test.json
2024.06.14 23:34:39 INFO  [success] Total time: 0 s, completed 14 Jun 2024, 23:34:40
2024.06.14 23:34:40 INFO  time: ran 'sbt bloopInstall' in 6.15s
2024.06.14 23:34:40 INFO  Attempting to connect to the build server...
2024.06.14 23:34:40 INFO  tracing is disabled for protocol BSP, to enable tracing of incoming and outgoing JSON messages create an empty file at /Users/reynald/Desktop/Projects/how-git-works/.metals/bsp.trace.json or /Users/reynald/Library/Caches/org.scalameta.metals/bsp.trace.json
2024.06.14 23:34:40 INFO  Attempting to connect to the build server...
2024.06.14 23:34:40 INFO  tracing is disabled for protocol BSP, to enable tracing of incoming and outgoing JSON messages create an empty file at /Users/reynald/Desktop/Projects/how-git-works/project/.metals/bsp.trace.json or /Users/reynald/Library/Caches/org.scalameta.metals/bsp.trace.json
2024.06.14 23:34:40 INFO  time: Connected to build server in 0.22s
2024.06.14 23:34:40 INFO  Connected to Build server: Bloop v1.5.17
2024.06.14 23:34:44 INFO  time: indexed workspace in 4.12s
2024.06.14 23:34:44 INFO  compiling how-git-works (1 scala source)
2024.06.14 23:34:44 INFO  time: compiled how-git-works in 0.41s
2024.06.14 23:34:50 INFO  compiling how-git-works (1 scala source)
2024.06.14 23:34:50 INFO  Deduplicating compilation of how-git-works from bsp client 'Metals 1.3.1' (since 10.204s)
2024.06.14 23:34:50 INFO  compiling how-git-works (1 scala source)
2024.06.14 23:34:50 INFO  time: compiled how-git-works in 0.31s
2024.06.14 23:34:50 INFO  tracing is disabled for protocol dap-server, to enable tracing of incoming and outgoing JSON messages create an empty file at /Users/reynald/Desktop/Projects/how-git-works/.metals/dap-server.trace.json or /Users/reynald/Library/Caches/org.scalameta.metals/dap-server.trace.json
2024.06.14 23:34:50 INFO  tracing is disabled for protocol dap-client, to enable tracing of incoming and outgoing JSON messages create an empty file at /Users/reynald/Desktop/Projects/how-git-works/.metals/dap-client.trace.json or /Users/reynald/Library/Caches/org.scalameta.metals/dap-client.trace.json
2024.06.14 23:34:50 INFO  Starting debug proxy for [Main]
2024.06.14 23:34:50 INFO  Loaded expression compiler in 85 milliseconds
2024.06.14 23:34:51 INFO  Loaded all sources and classes in 730 milliseconds
2024.06.14 23:34:51 INFO  Trying to attach to remote debuggee VM localhost:54922 .
2024.06.14 23:34:51 INFO  Attaching to debuggee VM succeeded.
2024.06.14 23:34:51 INFO  Closing debug server tcp://0.0.0.0:54920
2024.06.14 23:34:52 INFO  Canceling debug proxy for [Main]
